1_initial_migration.js
======================
[Truffle: Execute command] 
   Deploying 'Migrations'
   ----------------------
[Truffle: Execute command]    > transaction hash:    0x22dba54c2daa7d39cd721871ee45d316221e9965c306ea0c6e777b148b5f89a9
[Truffle: Execute command] - Blocks: 0            Seconds: 0
[Truffle: Execute command] - Blocks: 2            Seconds: 5
[Truffle: Execute command] - Blocks: 3            Seconds: 9
[Truffle: Execute command] - Blocks: 5            Seconds: 13
[Truffle: Execute command]    > Blocks: 5            Seconds: 13
   > contract address:    0xd32cE5Bcfd846607434B4406A091E7f13546C545
   > block number:        20200331
   > block timestamp:     1655243665
   > account:             0xE91abFe9042f0BB3115eF073Df2706Ce68F07AC5
   > balance:             0.21269989
   > gas used:            153922 (0x25942)
   > gas price:           10 gwei
   > value sent:          0 ETH
   > total cost:          0.00153922 ETH

   Pausing for 10 confirmations...

   --------------------------------
[Truffle: Execute command]    > confirmation number: 1 (block: 20200334)
[Truffle: Execute command]    > confirmation number: 2 (block: 20200335)
[Truffle: Execute command]    > confirmation number: 4 (block: 20200337)
[Truffle: Execute command]    > confirmation number: 5 (block: 20200338)
[Truffle: Execute command]    > confirmation number: 7 (block: 20200340)
[Truffle: Execute command]    > confirmation number: 8 (block: 20200341)
[Truffle: Execute command]    > confirmation number: 9 (block: 20200342)
[Truffle: Execute command]    > confirmation number: 11 (block: 20200344)
[Truffle: Execute command] - Saving migration to chain.
[Truffle: Execute command]    > Saving migration to chain.
[Truffle: Execute command]    > Saving artifacts
   -------------------------------------
   > Total cost:          0.00153922 ETH

[Truffle: Execute command] 
2_deploy_tvt.js
===============
[Truffle: Execute command] 
   Deploying 'TVT'
   ---------------
[Truffle: Execute command]    > transaction hash:    0x2d111b17320fc0e3282d16917071b469f3ce3e57769b1256af0f4e941bc9c9a6
[Truffle: Execute command] - Blocks: 0            Seconds: 0
[Truffle: Execute command] - Blocks: 2            Seconds: 5
[Truffle: Execute command] - Blocks: 3            Seconds: 9
[Truffle: Execute command]    > Blocks: 3            Seconds: 9
   > contract address:    0x814fa91F2D954a2C22f91EDbCcb5577985800c5e
   > block number:        20200353
   > block timestamp:     1655243731
   > account:             0xE91abFe9042f0BB3115eF073Df2706Ce68F07AC5
   > balance:             0.19340265
   > gas used:            1887434 (0x1cccca)
   > gas price:           10 gwei
   > value sent:          0 ETH
   > total cost:          0.01887434 ETH

   Pausing for 10 confirmations...

   --------------------------------
[Truffle: Execute command]    > confirmation number: 1 (block: 20200356)
[Truffle: Execute command]    > confirmation number: 3 (block: 20200358)
[Truffle: Execute command]    > confirmation number: 4 (block: 20200359)
[Truffle: Execute command]    > confirmation number: 5 (block: 20200360)
[Truffle: Execute command]    > confirmation number: 7 (block: 20200362)
[Truffle: Execute command]    > confirmation number: 8 (block: 20200363)
[Truffle: Execute command]    > confirmation number: 9 (block: 20200364)
[Truffle: Execute command]    > confirmation number: 11 (block: 20200366)
[Truffle: Execute command] - Saving migration to chain.
[Truffle: Execute command]    > Saving migration to chain.
[Truffle: Execute command]    > Saving artifacts
   -------------------------------------
   > Total cost:          0.01887434 ETH

[Truffle: Execute command] 
3_deploy_presale.js
===================
[Truffle: Execute command] 
   Deploying 'Presale'
   -------------------
[Truffle: Execute command]    > transaction hash:    0x50d7858846fbe549ffbd6a70c40992251e88a047235c63b735ef3baa03eddf1e
[Truffle: Execute command] - Blocks: 0            Seconds: 0
[Truffle: Execute command] - Blocks: 2            Seconds: 5
[Truffle: Execute command] - Blocks: 3            Seconds: 9
[Truffle: Execute command]    > Blocks: 3            Seconds: 9
   > contract address:    0x2964e40A5315b15F65E9b7d0A3364BD8A70a593b
   > block number:        20200375
   > block timestamp:     1655243797
   > account:             0xE91abFe9042f0BB3115eF073Df2706Ce68F07AC5
   > balance:             0.17292255
   > gas used:            2020720 (0x1ed570)
   > gas price:           10 gwei
   > value sent:          0 ETH
   > total cost:          0.0202072 ETH

   Pausing for 10 confirmations...

   --------------------------------
[Truffle: Execute command]    > confirmation number: 1 (block: 20200378)
[Truffle: Execute command]    > confirmation number: 2 (block: 20200379)
[Truffle: Execute command]    > confirmation number: 4 (block: 20200381)
[Truffle: Execute command]    > confirmation number: 5 (block: 20200382)
[Truffle: Execute command]    > confirmation number: 7 (block: 20200384)
[Truffle: Execute command]    > confirmation number: 8 (block: 20200385)
[Truffle: Execute command]    > confirmation number: 9 (block: 20200386)
[Truffle: Execute command]    > confirmation number: 11 (block: 20200388)
[Truffle: Execute command] Deployed 0x2964e40A5315b15F65E9b7d0A3364BD8A70a593b
[Truffle: Execute command] - Saving migration to chain.
[Truffle: Execute command]    > Saving migration to chain.
[Truffle: Execute command]    > Saving artifacts
   -------------------------------------
   > Total cost:           0.0202072 ETH

[Truffle: Execute command] 
4_deploy_tvt_token.js
=====================
[Truffle: Execute command] 
   Deploying 'TVTToken'
   --------------------
[Truffle: Execute command]    > transaction hash:    0x10627a4518236ca75d4c4c3c5da0078ea60976269a4f5dfbcdadf5d3683cafce
[Truffle: Execute command] - Blocks: 0            Seconds: 0
[Truffle: Execute command] - Blocks: 2            Seconds: 5
[Truffle: Execute command] - Blocks: 3            Seconds: 9
[Truffle: Execute command]    > Blocks: 3            Seconds: 9
   > contract address:    0xD433a665e2E699413709812a748c4f3d98a00f8D
   > block number:        20200396
   > block timestamp:     1655243860
   > account:             0xE91abFe9042f0BB3115eF073Df2706Ce68F07AC5
   > balance:             0.15453845
   > gas used:            1811120 (0x1ba2b0)
   > gas price:           10 gwei
   > value sent:          0 ETH
   > total cost:          0.0181112 ETH

   Pausing for 10 confirmations...

   --------------------------------
[Truffle: Execute command]    > confirmation number: 1 (block: 20200399)
[Truffle: Execute command]    > confirmation number: 3 (block: 20200401)
[Truffle: Execute command]    > confirmation number: 4 (block: 20200402)
[Truffle: Execute command]    > confirmation number: 5 (block: 20200403)
[Truffle: Execute command]    > confirmation number: 6 (block: 20200404)
[Truffle: Execute command]    > confirmation number: 8 (block: 20200406)
[Truffle: Execute command]    > confirmation number: 9 (block: 20200407)
[Truffle: Execute command]    > confirmation number: 11 (block: 20200409)
[Truffle: Execute command] - Saving migration to chain.
[Truffle: Execute command]    > Saving migration to chain.
[Truffle: Execute command]    > Saving artifacts
   -------------------------------------
   > Total cost:           0.0181112 ETH

[Truffle: Execute command] 
5_deploy_tvt_token_crowdsale.js
===============================
[Truffle: Execute command] 
   Deploying 'TVTTokenCrowdsale'
   -----------------------------
[Truffle: Execute command]    > transaction hash:    0x92b7a30f171a171c365fc962213d5400a8f4a9b952a5de901ac74d21a5558fde
[Truffle: Execute command] - Blocks: 0            Seconds: 0
[Truffle: Execute command] - Blocks: 1            Seconds: 5
[Truffle: Execute command] - Blocks: 3            Seconds: 9
[Truffle: Execute command]    > Blocks: 3            Seconds: 9
   > contract address:    0xcfc1D33F825c35F525fD087dE24Cf64c1Ee9a9C3
   > block number:        20200418
   > block timestamp:     1655243926
   > account:             0xE91abFe9042f0BB3115eF073Df2706Ce68F07AC5
   > balance:             0.14922696
   > gas used:            503859 (0x7b033)
   > gas price:           10 gwei
   > value sent:          0 ETH
   > total cost:          0.00503859 ETH

   Pausing for 10 confirmations...

   --------------------------------
[Truffle: Execute command]    > confirmation number: 1 (block: 20200421)
[Truffle: Execute command]    > confirmation number: 3 (block: 20200423)
[Truffle: Execute command]    > confirmation number: 4 (block: 20200424)
[Truffle: Execute command]    > confirmation number: 5 (block: 20200425)
[Truffle: Execute command]    > confirmation number: 7 (block: 20200427)
[Truffle: Execute command]    > confirmation number: 8 (block: 20200428)
[Truffle: Execute command]    > confirmation number: 9 (block: 20200429)
[Truffle: Execute command]    > confirmation number: 11 (block: 20200431)
[Truffle: Execute command] Deployed 0xcfc1D33F825c35F525fD087dE24Cf64c1Ee9a9C3
[Truffle: Execute command] - Saving migration to chain.
[Truffle: Execute command]    > Saving migration to chain.
[Truffle: Execute command]    > Saving artifacts
   -------------------------------------
   > Total cost:          0.00503859 ETH

[Truffle: Execute command] 
6_deploy_tvtb_token.js
======================
[Truffle: Execute command] 
   Deploying 'TVTBToken'
   ---------------------
[Truffle: Execute command]    > transaction hash:    0x0fddc355dc072421c3c724fa430ce2fed072fdaf65fbaa8b5464370c5d75aed7
[Truffle: Execute command] - Blocks: 0            Seconds: 0
[Truffle: Execute command] - Blocks: 1            Seconds: 5
[Truffle: Execute command] - Blocks: 2            Seconds: 9
[Truffle: Execute command] - Blocks: 4            Seconds: 13
[Truffle: Execute command]    > Blocks: 4            Seconds: 13
   > contract address:    0x355b9FC73564Cc84B40A8fF4D32719486e6997C1
   > block number:        20200440
   > block timestamp:     1655243992
   > account:             0xE91abFe9042f0BB3115eF073Df2706Ce68F07AC5
   > balance:             0.12369929
   > gas used:            2525477 (0x268925)
   > gas price:           10 gwei
   > value sent:          0 ETH
   > total cost:          0.02525477 ETH

   Pausing for 10 confirmations...

   --------------------------------
[Truffle: Execute command]    > confirmation number: 1 (block: 20200443)
[Truffle: Execute command]    > confirmation number: 3 (block: 20200445)
[Truffle: Execute command]    > confirmation number: 4 (block: 20200446)
[Truffle: Execute command]    > confirmation number: 5 (block: 20200447)
[Truffle: Execute command]    > confirmation number: 7 (block: 20200449)
[Truffle: Execute command]    > confirmation number: 8 (block: 20200450)
[Truffle: Execute command]    > confirmation number: 9 (block: 20200451)
[Truffle: Execute command]    > confirmation number: 11 (block: 20200453)
[Truffle: Execute command] - Saving migration to chain.
[Truffle: Execute command]    > Saving migration to chain.
[Truffle: Execute command]    > Saving artifacts
   -------------------------------------
   > Total cost:          0.02525477 ETH

[Truffle: Execute command] 
7_deploy_tvtb_token_crowdsale.js
================================
[Truffle: Execute command] 
   Deploying 'TVTBTokenCrowdsale'
   ------------------------------
[Truffle: Execute command]    > transaction hash:    0x3ccce014221368262983157abc5845479ee41e702e42adc9793b77cf7e154a7d
[Truffle: Execute command] - Blocks: 0            Seconds: 0
[Truffle: Execute command] - Blocks: 1            Seconds: 5
[Truffle: Execute command] - Blocks: 3            Seconds: 9
[Truffle: Execute command]    > Blocks: 3            Seconds: 9
   > contract address:    0x4257D73556Fa8Ca699112BB10063152Ba7809316
   > block number:        20200462
   > block timestamp:     1655244058
   > account:             0xE91abFe9042f0BB3115eF073Df2706Ce68F07AC5
   > balance:             0.11758515
   > gas used:            584124 (0x8e9bc)
   > gas price:           10 gwei
   > value sent:          0 ETH
   > total cost:          0.00584124 ETH

   Pausing for 10 confirmations...

   --------------------------------
[Truffle: Execute command]    > confirmation number: 2 (block: 20200465)
[Truffle: Execute command]    > confirmation number: 3 (block: 20200466)
[Truffle: Execute command]    > confirmation number: 5 (block: 20200468)
[Truffle: Execute command]    > confirmation number: 6 (block: 20200469)
[Truffle: Execute command]    > confirmation number: 7 (block: 20200470)
[Truffle: Execute command]    > confirmation number: 9 (block: 20200472)
[Truffle: Execute command]    > confirmation number: 10 (block: 20200473)
[Truffle: Execute command] Deployed 0x4257D73556Fa8Ca699112BB10063152Ba7809316
[Truffle: Execute command] - Saving migration to chain.
[Truffle: Execute command]    > Saving migration to chain.
[Truffle: Execute command]    > Saving artifacts
   -------------------------------------
   > Total cost:          0.00584124 ETH

[Truffle: Execute command] 
8_deploy_ballot.js
==================
[Truffle: Execute command] 
   Deploying 'Ballot'
   ------------------
[Truffle: Execute command]    > transaction hash:    0xf91627ae501d5162cc877a3c7f19ed91c6955f1feb74147e42b7bfe84245a7bd
[Truffle: Execute command] - Blocks: 0            Seconds: 0
[Truffle: Execute command] - Blocks: 1            Seconds: 5
[Truffle: Execute command] - Blocks: 3            Seconds: 9
[Truffle: Execute command]    > Blocks: 3            Seconds: 9
   > contract address:    0x74b63A2cE806eD96a7C99C81358436F7Cff0fB9b
   > block number:        20200483
   > block timestamp:     1655244121
   > account:             0xE91abFe9042f0BB3115eF073Df2706Ce68F07AC5
   > balance:             0.10988225
   > gas used:            743000 (0xb5658)
   > gas price:           10 gwei
   > value sent:          0 ETH
   > total cost:          0.00743 ETH

   Pausing for 10 confirmations...

   --------------------------------
[Truffle: Execute command]    > confirmation number: 1 (block: 20200486)
[Truffle: Execute command]    > confirmation number: 2 (block: 20200487)
[Truffle: Execute command]    > confirmation number: 4 (block: 20200489)
[Truffle: Execute command]    > confirmation number: 5 (block: 20200490)
[Truffle: Execute command]    > confirmation number: 6 (block: 20200491)
[Truffle: Execute command]    > confirmation number: 8 (block: 20200493)
[Truffle: Execute command]    > confirmation number: 9 (block: 20200494)
[Truffle: Execute command]    > confirmation number: 11 (block: 20200496)
[Truffle: Execute command] Deployed 0x74b63A2cE806eD96a7C99C81358436F7Cff0fB9b
[Truffle: Execute command] - Saving migration to chain.
[Truffle: Execute command]    > Saving migration to chain.
[Truffle: Execute command]    > Saving artifacts
   -------------------------------------
   > Total cost:             0.00743 ETH

[Truffle: Execute command] 
9_deploy_mint.js
================
[Truffle: Execute command] 
   Deploying 'Date'
   ----------------
[Truffle: Execute command]    > transaction hash:    0x859502a00599fc8b32d1cb8309e07081cf55d52bc92affa43e2ec98eaa65fcff
[Truffle: Execute command] - Blocks: 0            Seconds: 0
[Truffle: Execute command] - Blocks: 1            Seconds: 5
[Truffle: Execute command] - Blocks: 2            Seconds: 9
[Truffle: Execute command] - Blocks: 4            Seconds: 13
[Truffle: Execute command]    > Blocks: 4            Seconds: 13
   > contract address:    0xC35B27E386ef499AB7beB2BB9FEA50E03f13510D
   > block number:        20200505
   > block timestamp:     1655244187
   > account:             0xE91abFe9042f0BB3115eF073Df2706Ce68F07AC5
   > balance:             0.10850549
   > gas used:            110386 (0x1af32)
   > gas price:           10 gwei
   > value sent:          0 ETH
   > total cost:          0.00110386 ETH

   Pausing for 10 confirmations...

   --------------------------------
[Truffle: Execute command]    > confirmation number: 1 (block: 20200508)
[Truffle: Execute command]    > confirmation number: 3 (block: 20200510)
[Truffle: Execute command]    > confirmation number: 4 (block: 20200511)
[Truffle: Execute command]    > confirmation number: 5 (block: 20200512)
[Truffle: Execute command]    > confirmation number: 7 (block: 20200514)
[Truffle: Execute command]    > confirmation number: 8 (block: 20200515)
[Truffle: Execute command]    > confirmation number: 9 (block: 20200516)
[Truffle: Execute command]    > confirmation number: 11 (block: 20200518)
[Truffle: Execute command] 
   Linking
   -------
   * Contract: Mint <--> Library: Date (at address: 0xC35B27E386ef499AB7beB2BB9FEA50E03f13510D)
[Truffle: Execute command] 
   Deploying 'Mint'
   ----------------
[Truffle: Execute command]    > transaction hash:    0x7ce3ee9dcbc8e984f3f5e4a0c8486ddd074557619c473ad0e9ead3a7ba12b855
[Truffle: Execute command] - Blocks: 0            Seconds: 0
[Truffle: Execute command] - Blocks: 2            Seconds: 5
[Truffle: Execute command] - Blocks: 3            Seconds: 9
[Truffle: Execute command]    > Blocks: 3            Seconds: 9
   > contract address:    0x4b8bA6B580883c82CE76a509c78b4dB1229F130c
   > block number:        20200522
   > block timestamp:     1655244238
   > account:             0xE91abFe9042f0BB3115eF073Df2706Ce68F07AC5
   > balance:             0.09736363
   > gas used:            1114186 (0x11004a)
   > gas price:           10 gwei
   > value sent:          0 ETH
   > total cost:          0.01114186 ETH

   Pausing for 10 confirmations...

   --------------------------------
[Truffle: Execute command]    > confirmation number: 1 (block: 20200525)
[Truffle: Execute command]    > confirmation number: 3 (block: 20200527)
[Truffle: Execute command]    > confirmation number: 4 (block: 20200528)
[Truffle: Execute command]    > confirmation number: 5 (block: 20200529)
[Truffle: Execute command]    > confirmation number: 7 (block: 20200531)
[Truffle: Execute command]    > confirmation number: 8 (block: 20200532)
[Truffle: Execute command]    > confirmation number: 9 (block: 20200533)
[Truffle: Execute command]    > confirmation number: 10 (block: 20200534)
[Truffle: Execute command] Deployed 0x4b8bA6B580883c82CE76a509c78b4dB1229F130c
[Truffle: Execute command] - Saving migration to chain.
[Truffle: Execute command]    > Saving migration to chain.
[Truffle: Execute command]    > Saving artifacts
   -------------------------------------
   > Total cost:          0.01224572 ETH

[Truffle: Execute command] 
10_deploy_treasury.js
=====================
[Truffle: Execute command] 
   Deploying 'Treasury'
   --------------------
[Truffle: Execute command]    > transaction hash:    0x33d8fb6d3c11bbc6c70fdbb9972c65851aa8ccecfa693dade1453ffc174aa9be
[Truffle: Execute command] - Blocks: 0            Seconds: 0
[Truffle: Execute command] - Blocks: 1            Seconds: 5
[Truffle: Execute command] - Blocks: 3            Seconds: 9
[Truffle: Execute command]    > Blocks: 3            Seconds: 9
   > contract address:    0x54C5C3851abaC633671ac4415A02b8C7d0b4A49d
   > block number:        20200544
   > block timestamp:     1655244304
   > account:             0xE91abFe9042f0BB3115eF073Df2706Ce68F07AC5
   > balance:             0.08886534
   > gas used:            771321 (0xbc4f9)
   > gas price:           10 gwei
   > value sent:          0 ETH
   > total cost:          0.00771321 ETH

   Pausing for 10 confirmations...

   --------------------------------
[Truffle: Execute command]    > confirmation number: 2 (block: 20200547)
[Truffle: Execute command]    > confirmation number: 3 (block: 20200548)
[Truffle: Execute command]    > confirmation number: 5 (block: 20200550)
[Truffle: Execute command]    > confirmation number: 6 (block: 20200551)
[Truffle: Execute command]    > confirmation number: 7 (block: 20200552)
[Truffle: Execute command]    > confirmation number: 9 (block: 20200554)
[Truffle: Execute command]    > confirmation number: 10 (block: 20200555)
[Truffle: Execute command] Deployed 0x54C5C3851abaC633671ac4415A02b8C7d0b4A49d
[Truffle: Execute command] - Saving migration to chain.
[Truffle: Execute command]    > Saving migration to chain.
[Truffle: Execute command]    > Saving artifacts
   -------------------------------------
   > Total cost:          0.00771321 ETH

[Truffle: Execute command] 
11_deploy_launchpool.js
=======================
[Truffle: Execute command] 
   Linking
   -------
   * Contract: Launchpool <--> Library: Date (at address: 0xC35B27E386ef499AB7beB2BB9FEA50E03f13510D)
[Truffle: Execute command] 
   Deploying 'Launchpool'
   ----------------------
[Truffle: Execute command]    > transaction hash:    0x46f11a901f5770c7eb0cb82ec47e05515a4d1f92bdfbfa84080ffa1c78f31987
[Truffle: Execute command] - Blocks: 0            Seconds: 0
[Truffle: Execute command] - Blocks: 2            Seconds: 5
[Truffle: Execute command] - Blocks: 3            Seconds: 9
[Truffle: Execute command] - Blocks: 5            Seconds: 13
[Truffle: Execute command]    > Blocks: 5            Seconds: 13
   > contract address:    0x9587C6D09b70bDB33EC62aBbca9dEe5a7d33d189
   > block number:        20200565
   > block timestamp:     1655244367
   > account:             0xE91abFe9042f0BB3115eF073Df2706Ce68F07AC5
   > balance:             0.03134514
   > gas used:            5724730 (0x575a3a)
   > gas price:           10 gwei
   > value sent:          0 ETH
   > total cost:          0.0572473 ETH

   Pausing for 10 confirmations...

   --------------------------------
[Truffle: Execute command]    > confirmation number: 2 (block: 20200569)
[Truffle: Execute command]    > confirmation number: 3 (block: 20200570)
[Truffle: Execute command]    > confirmation number: 5 (block: 20200572)
[Truffle: Execute command]    > confirmation number: 6 (block: 20200573)
[Truffle: Execute command]    > confirmation number: 7 (block: 20200574)
[Truffle: Execute command]    > confirmation number: 9 (block: 20200576)
[Truffle: Execute command]    > confirmation number: 10 (block: 20200577)
[Truffle: Execute command] Deployed 0x9587C6D09b70bDB33EC62aBbca9dEe5a7d33d189
[Truffle: Execute command] - Saving migration to chain.
[Truffle: Execute command]    > Saving migration to chain.
[Truffle: Execute command]    > Saving artifacts
   -------------------------------------
   > Total cost:           0.0572473 ETH

Summary
=======
> Total deployments:   12
> Final cost:          0.17950279 ETH

[Truffle: Execute command] 
[Truffle: Execute command] Finished running command
[Truffle for VSCode] Deploy succeeded
